Change Component Designator: Old Designator=BQ2 New Designator=BQ?
Change Component Designator: Old Designator=C3 New Designator=C?
Change Component Designator: Old Designator=C4 New Designator=C?
Change Component Designator: Old Designator=C5 New Designator=C?
Change Component Designator: Old Designator=C6 New Designator=C?
Change Component Designator: Old Designator=C7 New Designator=C?
Change Component Designator: Old Designator=C9 New Designator=C?
Change Component Designator: Old Designator=C10 New Designator=C?
Change Component Designator: Old Designator=C11 New Designator=C?
Change Component Designator: Old Designator=C12 New Designator=C?
Change Component Designator: Old Designator=C13 New Designator=C?
Change Component Designator: Old Designator=C14 New Designator=C?
Change Component Designator: Old Designator=C15 New Designator=C?
Change Component Designator: Old Designator=C16 New Designator=C?
Change Component Designator: Old Designator=C17 New Designator=C?
Change Component Designator: Old Designator=DA1 New Designator=DA?
Change Component Designator: Old Designator=DA2 New Designator=DA?
Change Component Designator: Old Designator=DD1 New Designator=DD?
Change Component Designator: Old Designator=R7 New Designator=R?
Change Component Designator: Old Designator=R8 New Designator=R?
Change Component Designator: Old Designator=R9 New Designator=R?
Change Component Designator: Old Designator=R10 New Designator=R?
Change Component Designator: Old Designator=R11 New Designator=R?
Change Component Designator: Old Designator=R12 New Designator=R?
Change Component Designator: Old Designator=R13 New Designator=R?
Change Component Designator: Old Designator=R14 New Designator=R?
Change Component Designator: Old Designator=R15 New Designator=R?
Change Component Designator: Old Designator=R16 New Designator=R?
Change Component Designator: Old Designator=R17 New Designator=R?
Change Component Designator: Old Designator=R18 New Designator=R?
Change Component Designator: Old Designator=R19 New Designator=R?
Change Component Designator: Old Designator=R20 New Designator=R?
Change Component Designator: Old Designator=R22 New Designator=R?
Change Component Designator: Old Designator=R29 New Designator=R?
Change Component Designator: Old Designator=R30 New Designator=R?
Change Component Designator: Old Designator=SB1 New Designator=SB?
Change Component Designator: Old Designator=SB3 New Designator=SB?
Change Component Designator: Old Designator=SB4 New Designator=SB?
Change Component Designator: Old Designator=SB5 New Designator=SB?
Change Component Designator: Old Designator=VT1 New Designator=VT?
Change Component Designator: Old Designator=VT2 New Designator=VT?
Change Component Designator: Old Designator=VT3 New Designator=VT?
Change Component Designator: Old Designator=VT4 New Designator=VT?
Change Component Designator: Old Designator=VT5 New Designator=VT?
Change Component Designator: Old Designator=VT6 New Designator=VT?
Change Component Designator: Old Designator=VT7 New Designator=VT?
Change Component Designator: Old Designator=XP1 New Designator=XP?
Change Component Designator: Old Designator=XP3 New Designator=XP?
Change Component Designator: Old Designator=XP4 New Designator=XP?
Change Component Designator: Old Designator=XP5 New Designator=XP?
Change Component Designator: Old Designator=XP7 New Designator=XP?
Change Component Designator: Old Designator=XP65 New Designator=XP?
Change Component Designator: Old Designator=XS1 New Designator=XS?
Change Component Designator: Old Designator=XS2 New Designator=XS?
