Added Component: Designator=SB1(BUTTON 6x4.5)
Added Component: Designator=SB2(BUTTON 6x4.5)
Added Component: Designator=SB3(BUTTON 6x4.5)
Added Component: Designator=SB4(BUTTON 6x4.5)
Added Pin To Net: NetName=NetC6_1 Pin=SB1-1
Added Pin To Net: NetName=NetC6_1 Pin=SB1-1
Added Pin To Net: NetName=GND Pin=SB1-2
Added Pin To Net: NetName=GND Pin=SB1-2
Added Pin To Net: NetName=NetC7_1 Pin=SB2-1
Added Pin To Net: NetName=NetC7_1 Pin=SB2-1
Added Pin To Net: NetName=GND Pin=SB2-2
Added Pin To Net: NetName=GND Pin=SB2-2
Added Pin To Net: NetName=NetC8_1 Pin=SB3-1
Added Pin To Net: NetName=NetC8_1 Pin=SB3-1
Added Pin To Net: NetName=GND Pin=SB3-2
Added Pin To Net: NetName=GND Pin=SB3-2
Added Pin To Net: NetName=NetC5_1 Pin=SB4-1
Added Pin To Net: NetName=NetC5_1 Pin=SB4-1
Added Pin To Net: NetName=GND Pin=SB4-2
Added Pin To Net: NetName=GND Pin=SB4-2
Added Member To Class: ClassName=PELT_DRIVE Member=Component C14 4,7uF
Added Member To Class: ClassName=PELT_DRIVE Member=Component DA2 TLV1117 12
Added Member To Class: ClassName=PELT_DRIVE Member=Component R18 10k
Added Member To Class: ClassName=PELT_DRIVE Member=Component SB1 BUTTON 4.5x6
Added Member To Class: ClassName=PELT_DRIVE Member=Component SB2 BUTTON 4.5x6
Added Member To Class: ClassName=PELT_DRIVE Member=Component SB3 BUTTON 4.5x6
Added Member To Class: ClassName=PELT_DRIVE Member=Component SB4 BUTTON 4.5x6
