Removed Pin From Net: NetName=GND Pin=BQ1-0
Removed Pin From Net: NetName=GND Pin=C1-1
Removed Pin From Net: NetName=GND Pin=C2-1
Removed Pin From Net: NetName=P1 Pin=R1-2
Removed Pin From Net: NetName=P2 Pin=R2-2
Removed Pin From Net: NetName=P3 Pin=R3-2
Removed Pin From Net: NetName=P4 Pin=R4-1
Removed Pin From Net: NetName=P5 Pin=R5-1
Removed Pin From Net: NetName=P6 Pin=R6-2
Removed Pin From Net: NetName=NetR24_1 Pin=R26-1
Removed Pin From Net: NetName=VCC Pin=R26-2
Removed Pin From Net: NetName=NetDD1_16 Pin=R27-2
Removed Pin From Net: NetName=NetDD1_15 Pin=R28-2
Removed Pin From Net: NetName=NetR23_1 Pin=R31-1
Removed Pin From Net: NetName=VCC Pin=R31-2
Removed Pin From Net: NetName=GND Pin=XP5-6
Removed Pin From Net: NetName=VCC Pin=XP6-1
Removed Pin From Net: NetName=NetR23_1 Pin=XP6-2
Removed Pin From Net: NetName=NetR24_1 Pin=XP6-3
Removed Pin From Net: NetName=GND Pin=XP6-6
Removed Member From Class: ClassName=PANEL Member=BQ1
Removed Member From Class: ClassName=PANEL Member=C1
Removed Member From Class: ClassName=PANEL Member=C2
Removed Member From Class: ClassName=PANEL Member=R1
Removed Member From Class: ClassName=PANEL Member=R2
Removed Member From Class: ClassName=PANEL Member=R3
Removed Member From Class: ClassName=PANEL Member=R4
Removed Member From Class: ClassName=PANEL Member=R5
Removed Member From Class: ClassName=PANEL Member=R6
Removed Member From Class: ClassName=PANEL Member=R26
Removed Member From Class: ClassName=PANEL Member=R27
Removed Member From Class: ClassName=PANEL Member=R28
Removed Member From Class: ClassName=PANEL Member=R31
Removed Member From Class: ClassName=PANEL Member=XP2
Removed Member From Class: ClassName=PANEL Member=XP6
Change Class Name : Old Net Name=PANEL New Net Name=PELT_DRIVE
Added Member To Class: ClassName=PELT_DRIVE Member=Component VT7 2SK3919
Change Room Name: Old Name=PANEL New Name=PELT_DRIVE
Change Room Scope: Old Scope=InComponentClass('PANEL') New Scope=InComponentClass('PELT_DRIVE')
