Change Component Designator: OldDesignator=BQ2 NewDesignator=BQ1
Change Component Designator: OldDesignator=C3 NewDesignator=C2
Change Component Designator: OldDesignator=C4 NewDesignator=C1
Change Component Designator: OldDesignator=C5 NewDesignator=C3
Change Component Designator: OldDesignator=C6 NewDesignator=C4
Change Component Designator: OldDesignator=C7 NewDesignator=C5
Change Component Designator: OldDesignator=C9 NewDesignator=C6
Change Component Designator: OldDesignator=C10 NewDesignator=C7
Change Component Designator: OldDesignator=C11 NewDesignator=C8
Change Component Designator: OldDesignator=C12 NewDesignator=C9
Change Component Designator: OldDesignator=C13 NewDesignator=C10
Change Component Designator: OldDesignator=C14 NewDesignator=C11
Change Component Designator: OldDesignator=C15 NewDesignator=C13
Change Component Designator: OldDesignator=C16 NewDesignator=C12
Change Component Designator: OldDesignator=C17 NewDesignator=C14
Change Component Designator: OldDesignator=R7 NewDesignator=R2
Change Component Designator: OldDesignator=R8 NewDesignator=R1
Change Component Designator: OldDesignator=R9 NewDesignator=R3
Change Component Designator: OldDesignator=R10 NewDesignator=R4
Change Component Designator: OldDesignator=R11 NewDesignator=R6
Change Component Designator: OldDesignator=R12 NewDesignator=R5
Change Component Designator: OldDesignator=R13 NewDesignator=R7
Change Component Designator: OldDesignator=R14 NewDesignator=R8
Change Component Designator: OldDesignator=R15 NewDesignator=R9
Change Component Designator: OldDesignator=R16 NewDesignator=R10
Change Component Designator: OldDesignator=R17 NewDesignator=R11
Change Component Designator: OldDesignator=R18 NewDesignator=R12
Change Component Designator: OldDesignator=R19 NewDesignator=R13
Change Component Designator: OldDesignator=R20 NewDesignator=R14
Change Component Designator: OldDesignator=R22 NewDesignator=R15
Change Component Designator: OldDesignator=R29 NewDesignator=R17
Change Component Designator: OldDesignator=R30 NewDesignator=R16
Change Component Designator: OldDesignator=SB3 NewDesignator=SB2
Change Component Designator: OldDesignator=SB4 NewDesignator=SB3
Change Component Designator: OldDesignator=SB5 NewDesignator=SB4
Change Component Designator: OldDesignator=XP3 NewDesignator=XP4
Change Component Designator: OldDesignator=XP4 NewDesignator=XP3
Change Component Designator: OldDesignator=XP7 NewDesignator=XP6
Change Component Designator: OldDesignator=XP65 NewDesignator=XP2
Change Net Name : Old Net Name=NetBQ2_1 New Net Name=NetBQ1_1
Change Net Name : Old Net Name=NetBQ2_2 New Net Name=NetBQ1_2
Change Net Name : Old Net Name=NetC5_2 New Net Name=NetC3_2
Change Net Name : Old Net Name=NetC7_1 New Net Name=NetC5_1
Change Net Name : Old Net Name=NetC9_1 New Net Name=NetC6_1
Change Net Name : Old Net Name=NetC10_1 New Net Name=NetC7_1
Change Net Name : Old Net Name=NetC11_1 New Net Name=NetC8_1
Change Net Name : Old Net Name=NetC15_2 New Net Name=NetC13_2
Change Net Name : Old Net Name=NetR7_1 New Net Name=NetR2_1
Change Net Name : Old Net Name=NetR7_2 New Net Name=NetR2_2
Change Net Name : Old Net Name=NetR8_2 New Net Name=NetR1_2
Change Net Name : Old Net Name=NetR10_2 New Net Name=NetR4_2
Change Net Name : Old Net Name=NetR12_1 New Net Name=NetR5_1
Change Net Name : Old Net Name=NetR15_1 New Net Name=NetR9_1
Change Net Name : Old Net Name=NetR17_1 New Net Name=NetR11_1
Change Net Name : Old Net Name=NetR22_1 New Net Name=NetR15_1
Change Net Name : Old Net Name=NetR29_1 New Net Name=NetR17_1
