Removed Pin From Net: NetName=5V Pin=C12-2
Removed Pin From Net: NetName=5V Pin=DA1-1
Removed Pin From Net: NetName=5V Pin=XP3-1
Removed Pin From Net: NetName=5V Pin=XP6-2
Change Component Designator: OldDesignator=C14 NewDesignator=C15
Change Component Designator: OldDesignator=DA2 NewDesignator=DA3
Change Component Designator: OldDesignator=R18 NewDesignator=R20
Added Component: Designator=C14(Cap_0805)
Added Component: Designator=C16(Cap_0805)
Added Component: Designator=DA2(SOT223)
Added Component: Designator=R18(Res_0805)
Added Component: Designator=R19(Res_0805)
Added Pin To Net: NetName=GND Pin=C14-1
Added Pin To Net: NetName=GND Pin=C16-1
Added Pin To Net: NetName=+12V Pin=C16-2
Added Pin To Net: NetName=GND Pin=DA2-1
Added Pin To Net: NetName=+12V Pin=DA2-3
Added Pin To Net: NetName=GND Pin=R18-1
Change Net Name : Old Net Name=+12V New Net Name=+12_16V
Change Net Name : Old Net Name=NetR18_1 New Net Name=NetR20_1
Added Pin To Net: NetName=+12V Pin=C14-2
Added Pin To Net: NetName=+12V Pin=DA2-2
Added Pin To Net: NetName=+12V Pin=DA2-4
Added Pin To Net: NetName=+12V Pin=XP2-2
Added Net: Name=+12V
Added Pin To Net: NetName=GND_CL Pin=DD1-15
Added Pin To Net: NetName=GND_CL Pin=R18-2
Added Pin To Net: NetName=GND_CL Pin=R19-2
Added Pin To Net: NetName=GND_CL Pin=VT8-3
Added Pin To Net: NetName=GND_CL Pin=XP2-1
Added Net: Name=GND_CL
Added Pin To Net: NetName=NetC12_2 Pin=C12-2
Added Pin To Net: NetName=NetC12_2 Pin=DA1-1
Added Pin To Net: NetName=NetC12_2 Pin=XP3-1
Added Net: Name=NetC12_2
Added Pin To Net: NetName=NetR19_1 Pin=R19-1
Added Pin To Net: NetName=NetR19_1 Pin=XP2-3
Added Net: Name=NetR19_1
Added Member To Class: ClassName=PELT_DRIVE Member=Component C13 100
Added Member To Class: ClassName=PELT_DRIVE Member=Component C14 4,7uF
Added Member To Class: ClassName=PELT_DRIVE Member=Component C15 0.47uF
Added Member To Class: ClassName=PELT_DRIVE Member=Component C16 0.47uF
Added Member To Class: ClassName=PELT_DRIVE Member=Component DA3 L78L03
Added Member To Class: ClassName=PELT_DRIVE Member=Component R11 100
Added Member To Class: ClassName=PELT_DRIVE Member=Component R13 1k
Added Member To Class: ClassName=PELT_DRIVE Member=Component R14 10
Added Member To Class: ClassName=PELT_DRIVE Member=Component R15 220
Added Member To Class: ClassName=PELT_DRIVE Member=Component R16 1k
Added Member To Class: ClassName=PELT_DRIVE Member=Component R17 5.1k
Added Member To Class: ClassName=PELT_DRIVE Member=Component R19 27k
Added Member To Class: ClassName=PELT_DRIVE Member=Component R20 10k
Added Member To Class: ClassName=PELT_DRIVE Member=Component SB4 TS A3PV 130
